SF:lib/data/constants.dart
DA:4,1
DA:5,1
DA:6,1
DA:7,1
LF:4
LH:4
end_of_record
SF:lib/data/datasources/remote_data_source.dart
DA:14,1
DA:16,1
DA:19,4
DA:21,2
DA:22,3
DA:24,1
LF:6
LH:6
end_of_record
SF:lib/data/models/weather_model.dart
DA:5,4
DA:23,4
DA:24,2
DA:25,6
DA:26,6
DA:27,6
DA:28,4
DA:29,4
DA:30,4
DA:33,2
DA:34,1
DA:35,1
DA:36,1
DA:37,1
DA:38,1
DA:41,1
DA:42,1
DA:43,1
DA:44,1
DA:46,1
DA:49,4
DA:50,2
DA:51,2
DA:52,2
DA:53,2
DA:54,2
DA:55,2
DA:56,2
DA:58,2
DA:59,2
DA:60,2
DA:61,2
DA:62,2
DA:63,2
DA:64,2
DA:65,2
DA:66,2
LF:37
LH:37
end_of_record
SF:lib/data/failure.dart
DA:5,2
DA:7,1
DA:8,2
DA:12,4
DA:16,2
DA:20,0
LF:6
LH:5
end_of_record
SF:lib/domain/entities/weather.dart
DA:4,7
DA:22,3
DA:23,3
DA:24,3
DA:25,3
DA:26,3
DA:27,3
DA:28,3
DA:29,3
DA:30,3
LF:10
LH:10
end_of_record
SF:lib/presentation/bloc/weather_bloc.dart
DA:9,3
DA:10,2
DA:11,1
DA:13,2
DA:15,2
DA:17,1
DA:18,1
DA:19,3
DA:21,1
DA:22,2
LF:10
LH:10
end_of_record
SF:lib/domain/usecases/get_current_weather.dart
DA:9,1
DA:11,1
DA:12,2
LF:3
LH:3
end_of_record
SF:lib/presentation/bloc/weather_event.dart
DA:4,2
DA:6,0
DA:7,0
DA:13,2
DA:15,1
DA:16,2
LF:6
LH:4
end_of_record
SF:lib/presentation/bloc/weather_state.dart
DA:5,2
DA:7,1
DA:8,1
DA:18,1
DA:20,1
DA:21,2
DA:27,2
DA:29,1
DA:30,2
LF:9
LH:9
end_of_record
SF:lib/presentation/pages/weather_page.dart
DA:14,1
DA:16,1
DA:18,1
DA:19,1
DA:21,1
DA:23,1
DA:26,1
DA:28,1
DA:30,1
DA:31,1
DA:33,1
DA:36,1
DA:37,3
DA:40,1
DA:43,1
DA:44,1
DA:45,1
DA:46,1
DA:47,1
DA:49,1
DA:50,1
DA:51,1
DA:52,1
DA:53,1
DA:55,1
DA:56,1
DA:57,2
DA:58,1
DA:62,1
DA:63,1
DA:64,1
DA:65,2
DA:71,1
DA:74,1
DA:75,5
DA:76,1
DA:81,1
DA:84,1
DA:85,1
DA:86,1
DA:91,1
DA:92,2
DA:93,1
DA:95,1
DA:97,1
DA:103,1
DA:105,1
DA:106,3
DA:107,1
DA:115,1
DA:116,1
DA:117,1
DA:119,1
DA:121,1
DA:127,1
DA:129,1
DA:130,3
DA:131,1
DA:140,1
DA:141,1
DA:142,1
DA:144,1
DA:146,1
DA:152,1
DA:154,1
DA:155,3
DA:156,1
DA:169,1
DA:170,0
DA:171,0
DA:174,1
LF:71
LH:69
end_of_record
SF:lib/data/repository/weather_repository_impl.dart
DA:14,1
DA:16,1
DA:19,2
DA:20,2
DA:21,1
DA:22,2
DA:23,1
DA:24,2
LF:8
LH:8
end_of_record
